

Started GET "/" for 127.0.0.1 at 2014-02-10 19:05:27 -0800
Processing by Rails::WelcomeController#index as HTML
  Rendered /usr/local/rvm/gems/ruby-1.9.3-p392/gems/railties-4.0.2/lib/rails/templates/rails/welcome/index.html.erb (3.3ms)
Completed 200 OK in 55ms (Views: 18.1ms | ActiveRecord: 0.0ms)


Started GET "/" for 127.0.0.1 at 2014-02-11 00:02:15 -0800
Processing by Rails::WelcomeController#index as HTML
  Rendered /usr/local/rvm/gems/ruby-1.9.3-p392/gems/railties-4.0.2/lib/rails/templates/rails/welcome/index.html.erb (0.5ms)
Completed 200 OK in 6ms (Views: 5.4ms | ActiveRecord: 0.0ms)


Started GET "/rails/info/properties" for 127.0.0.1 at 2014-02-11 00:02:42 -0800
Processing by Rails::InfoController#properties as */*
  Rendered /usr/local/rvm/gems/ruby-1.9.3-p392/gems/railties-4.0.2/lib/rails/templates/rails/info/properties.html.erb (1.7ms)
Completed 200 OK in 32ms (Views: 13.1ms | ActiveRecord: 8.8ms)
  [1m[36m (2.5ms)[0m  [1mCREATE TABLE "schema_migrations" ("version" varchar(255) NOT NULL) [0m
  [1m[35m (0.9ms)[0m  CREATE UNIQUE INDEX "unique_schema_migrations" ON "schema_migrations" ("version")
  [1m[36mActiveRecord::SchemaMigration Load (0.2ms)[0m  [1mSELECT "schema_migrations".* FROM "schema_migrations"[0m
Migrating to DeviseCreateUsers (20140305205114)
  [1m[35m (0.1ms)[0m  begin transaction
  [1m[36m (0.6ms)[0m  [1mCREATE TABLE "users" ("id" INTEGER PRIMARY KEY AUTOINCREMENT NOT NULL, "email" varchar(255) DEFAULT '' NOT NULL, "encrypted_password" varchar(255) DEFAULT '' NOT NULL, "reset_password_token" varchar(255), "reset_password_sent_at" datetime, "remember_created_at" datetime, "sign_in_count" integer DEFAULT 0 NOT NULL, "current_sign_in_at" datetime, "last_sign_in_at" datetime, "current_sign_in_ip" varchar(255), "last_sign_in_ip" varchar(255), "created_at" datetime, "updated_at" datetime) [0m
  [1m[35m (0.4ms)[0m  CREATE UNIQUE INDEX "index_users_on_email" ON "users" ("email")
  [1m[36m (0.2ms)[0m  [1mCREATE UNIQUE INDEX "index_users_on_reset_password_token" ON "users" ("reset_password_token")[0m
  [1m[35mSQL (4.1ms)[0m  INSERT INTO "schema_migrations" ("version") VALUES (?)  [["version", "20140305205114"]]
  [1m[36m (1.0ms)[0m  [1mcommit transaction[0m
  [1m[35mActiveRecord::SchemaMigration Load (0.1ms)[0m  SELECT "schema_migrations".* FROM "schema_migrations"


Started GET "/" for 127.0.0.1 at 2014-03-06 14:04:21 -0800
  [1m[36mActiveRecord::SchemaMigration Load (0.3ms)[0m  [1mSELECT "schema_migrations".* FROM "schema_migrations"[0m

ActiveRecord::PendingMigrationError (Migrations are pending; run 'bin/rake db:migrate RAILS_ENV=development' to resolve this issue.):
  activerecord (4.0.2) lib/active_record/migration.rb:379:in `check_pending!'
  activerecord (4.0.2) lib/active_record/migration.rb:366:in `call'
  actionpack (4.0.2) lib/action_dispatch/middleware/callbacks.rb:29:in `block in call'
  activesupport (4.0.2) lib/active_support/callbacks.rb:373:in `_run__1485956215332490865__call__callbacks'
  activesupport (4.0.2) lib/active_support/callbacks.rb:80:in `run_callbacks'
  actionpack (4.0.2) lib/action_dispatch/middleware/callbacks.rb:27:in `call'
  actionpack (4.0.2) lib/action_dispatch/middleware/reloader.rb:64:in `call'
  actionpack (4.0.2) lib/action_dispatch/middleware/remote_ip.rb:76:in `call'
  actionpack (4.0.2) lib/action_dispatch/middleware/debug_exceptions.rb:17:in `call'
  actionpack (4.0.2) lib/action_dispatch/middleware/show_exceptions.rb:30:in `call'
  railties (4.0.2) lib/rails/rack/logger.rb:38:in `call_app'
  railties (4.0.2) lib/rails/rack/logger.rb:20:in `block in call'
  activesupport (4.0.2) lib/active_support/tagged_logging.rb:67:in `block in tagged'
  activesupport (4.0.2) lib/active_support/tagged_logging.rb:25:in `tagged'
  activesupport (4.0.2) lib/active_support/tagged_logging.rb:67:in `tagged'
  railties (4.0.2) lib/rails/rack/logger.rb:20:in `call'
  actionpack (4.0.2) lib/action_dispatch/middleware/request_id.rb:21:in `call'
  rack (1.5.2) lib/rack/methodoverride.rb:21:in `call'
  rack (1.5.2) lib/rack/runtime.rb:17:in `call'
  activesupport (4.0.2) lib/active_support/cache/strategy/local_cache.rb:83:in `call'
  rack (1.5.2) lib/rack/lock.rb:17:in `call'
  actionpack (4.0.2) lib/action_dispatch/middleware/static.rb:64:in `call'
  rack (1.5.2) lib/rack/sendfile.rb:112:in `call'
  railties (4.0.2) lib/rails/engine.rb:511:in `call'
  railties (4.0.2) lib/rails/application.rb:97:in `call'
  rack (1.5.2) lib/rack/lock.rb:17:in `call'
  rack (1.5.2) lib/rack/content_length.rb:14:in `call'
  rack (1.5.2) lib/rack/handler/webrick.rb:60:in `service'
  /usr/local/rvm/rubies/ruby-1.9.3-p392/lib/ruby/1.9.1/webrick/httpserver.rb:138:in `service'
  /usr/local/rvm/rubies/ruby-1.9.3-p392/lib/ruby/1.9.1/webrick/httpserver.rb:94:in `run'
  /usr/local/rvm/rubies/ruby-1.9.3-p392/lib/ruby/1.9.1/webrick/server.rb:191:in `block in start_thread'


  Rendered /usr/local/rvm/gems/ruby-1.9.3-p392/gems/actionpack-4.0.2/lib/action_dispatch/middleware/templates/rescues/_source.erb (0.7ms)
  Rendered /usr/local/rvm/gems/ruby-1.9.3-p392/gems/actionpack-4.0.2/lib/action_dispatch/middleware/templates/rescues/_trace.erb (1.5ms)
  Rendered /usr/local/rvm/gems/ruby-1.9.3-p392/gems/actionpack-4.0.2/lib/action_dispatch/middleware/templates/rescues/_request_and_response.erb (1.1ms)
  Rendered /usr/local/rvm/gems/ruby-1.9.3-p392/gems/actionpack-4.0.2/lib/action_dispatch/middleware/templates/rescues/diagnostics.erb within rescues/layout (29.3ms)
  [1m[36mActiveRecord::SchemaMigration Load (0.2ms)[0m  [1mSELECT "schema_migrations".* FROM "schema_migrations"[0m
Migrating to CreateApartments (20140305210655)
  [1m[35m (0.1ms)[0m  begin transaction
  [1m[36m (1.1ms)[0m  [1mCREATE TABLE "apartments" ("id" INTEGER PRIMARY KEY AUTOINCREMENT NOT NULL, "title" varchar(255), "address" varchar(255), "description" text, "price" float, "bathrooms" float, "bedrooms" float, "average_overall_rating" float, "created_at" datetime, "updated_at" datetime) [0m
  [1m[35mSQL (5.2ms)[0m  INSERT INTO "schema_migrations" ("version") VALUES (?)  [["version", "20140305210655"]]
  [1m[36m (0.9ms)[0m  [1mcommit transaction[0m
  [1m[35mActiveRecord::SchemaMigration Load (0.1ms)[0m  SELECT "schema_migrations".* FROM "schema_migrations"


Started GET "/" for 127.0.0.1 at 2014-03-06 14:04:41 -0800
  [1m[36mActiveRecord::SchemaMigration Load (0.2ms)[0m  [1mSELECT "schema_migrations".* FROM "schema_migrations"[0m
Processing by HomeController#index as HTML
  Rendered home/index.html.erb within layouts/application (19.1ms)
Completed 200 OK in 843ms (Views: 786.1ms | ActiveRecord: 0.0ms)


Started GET "/assets/application.css?body=1" for 127.0.0.1 at 2014-03-06 14:04:42 -0800


Started GET "/assets/home.css?body=1" for 127.0.0.1 at 2014-03-06 14:04:42 -0800


Started GET "/assets/jquery_ujs.js?body=1" for 127.0.0.1 at 2014-03-06 14:04:42 -0800


Started GET "/assets/turbolinks.js?body=1" for 127.0.0.1 at 2014-03-06 14:04:43 -0800


Started GET "/assets/jquery.js?body=1" for 127.0.0.1 at 2014-03-06 14:04:43 -0800


Started GET "/assets/home.js?body=1" for 127.0.0.1 at 2014-03-06 14:04:43 -0800


Started GET "/assets/application.js?body=1" for 127.0.0.1 at 2014-03-06 14:04:43 -0800


Started GET "/users/sign_in" for 127.0.0.1 at 2014-03-06 14:04:48 -0800
Processing by Devise::SessionsController#new as HTML
  Rendered devise/shared/_links.erb (2.0ms)
  Rendered devise/sessions/new.html.erb within layouts/application (70.8ms)
Completed 200 OK in 110ms (Views: 77.8ms | ActiveRecord: 0.9ms)


Started GET "/" for 127.0.0.1 at 2014-03-06 14:07:16 -0800
  [1m[36mActiveRecord::SchemaMigration Load (0.2ms)[0m  [1mSELECT "schema_migrations".* FROM "schema_migrations"[0m
Processing by HomeController#index as HTML
  Rendered home/index.html.erb within layouts/application (20.2ms)
Completed 200 OK in 119ms (Views: 75.6ms | ActiveRecord: 0.0ms)


Started GET "/assets/application.css?body=1" for 127.0.0.1 at 2014-03-06 14:07:16 -0800


Started GET "/assets/jquery_ujs.js?body=1" for 127.0.0.1 at 2014-03-06 14:07:16 -0800


Started GET "/assets/home.css?body=1" for 127.0.0.1 at 2014-03-06 14:07:16 -0800


Started GET "/assets/jquery.js?body=1" for 127.0.0.1 at 2014-03-06 14:07:16 -0800


Started GET "/assets/turbolinks.js?body=1" for 127.0.0.1 at 2014-03-06 14:07:16 -0800


Started GET "/assets/home.js?body=1" for 127.0.0.1 at 2014-03-06 14:07:16 -0800


Started GET "/assets/application.js?body=1" for 127.0.0.1 at 2014-03-06 14:07:16 -0800


Started GET "/users/sign_in" for 127.0.0.1 at 2014-03-06 14:08:28 -0800
Processing by Devise::SessionsController#new as HTML
  Rendered devise/shared/_links.erb (1.6ms)
  Rendered devise/sessions/new.html.erb within layouts/application (57.6ms)
Completed 200 OK in 92ms (Views: 63.6ms | ActiveRecord: 0.9ms)


Started GET "/users/sign_up" for 127.0.0.1 at 2014-03-06 14:08:32 -0800
Processing by Devise::RegistrationsController#new as HTML
  Rendered devise/shared/_links.erb (1.0ms)
  Rendered devise/registrations/new.html.erb within layouts/application (6.2ms)
Completed 200 OK in 17ms (Views: 15.2ms | ActiveRecord: 0.0ms)


Started POST "/users" for 127.0.0.1 at 2014-03-06 14:08:48 -0800
Processing by Devise::RegistrationsController#create as HTML
  Parameters: {"utf8"=>"✓", "authenticity_token"=>"cEr14rCJ+S5Cvho+MhLA6FwQfMrYZFge6Mz9tlb3VB8=", "user"=>{"email"=>"carinab92@gmail.com", "password"=>"[FILTERED]", "password_confirmation"=>"[FILTERED]"}, "commit"=>"Sign up"}
  [1m[35m (0.1ms)[0m  begin transaction
  [1m[36mUser Exists (0.7ms)[0m  [1mSELECT 1 AS one FROM "users" WHERE "users"."email" = 'carinab92@gmail.com' LIMIT 1[0m
  [1m[35m (0.1ms)[0m  rollback transaction
  Rendered devise/shared/_links.erb (0.4ms)
  Rendered devise/registrations/new.html.erb within layouts/application (25.0ms)
Completed 200 OK in 164ms (Views: 30.4ms | ActiveRecord: 1.0ms)


Started GET "/assets/application.css?body=1" for 127.0.0.1 at 2014-03-06 14:08:49 -0800


Started GET "/assets/home.css?body=1" for 127.0.0.1 at 2014-03-06 14:08:49 -0800


Started GET "/assets/jquery_ujs.js?body=1" for 127.0.0.1 at 2014-03-06 14:08:49 -0800


Started GET "/assets/jquery.js?body=1" for 127.0.0.1 at 2014-03-06 14:08:49 -0800


Started GET "/assets/home.js?body=1" for 127.0.0.1 at 2014-03-06 14:08:49 -0800


Started GET "/assets/application.js?body=1" for 127.0.0.1 at 2014-03-06 14:08:49 -0800


Started GET "/assets/turbolinks.js?body=1" for 127.0.0.1 at 2014-03-06 14:08:49 -0800


Started GET "/" for 127.0.0.1 at 2014-03-07 01:09:24 -0800
  [1m[36mActiveRecord::SchemaMigration Load (0.2ms)[0m  [1mSELECT "schema_migrations".* FROM "schema_migrations"[0m
Processing by HomeController#index as HTML
  Rendered home/index.html.erb within layouts/application (11.4ms)
Completed 200 OK in 217ms (Views: 198.0ms | ActiveRecord: 0.0ms)


Started GET "/assets/home.css?body=1" for 127.0.0.1 at 2014-03-07 01:09:24 -0800


Started GET "/assets/user.css?body=1" for 127.0.0.1 at 2014-03-07 01:09:24 -0800


Started GET "/assets/application.css?body=1" for 127.0.0.1 at 2014-03-07 01:09:24 -0800


Started GET "/assets/jquery_ujs.js?body=1" for 127.0.0.1 at 2014-03-07 01:09:24 -0800


Started GET "/assets/turbolinks.js?body=1" for 127.0.0.1 at 2014-03-07 01:09:24 -0800


Started GET "/assets/jquery.js?body=1" for 127.0.0.1 at 2014-03-07 01:09:24 -0800


Started GET "/assets/home.js?body=1" for 127.0.0.1 at 2014-03-07 01:09:24 -0800


Started GET "/assets/user.js?body=1" for 127.0.0.1 at 2014-03-07 01:09:24 -0800


Started GET "/assets/application.js?body=1" for 127.0.0.1 at 2014-03-07 01:09:24 -0800


Started GET "/users/sign_in" for 127.0.0.1 at 2014-03-07 01:09:28 -0800
Processing by Devise::SessionsController#new as HTML
  Rendered devise/shared/_links.erb (1.7ms)
  Rendered devise/sessions/new.html.erb within layouts/application (29.3ms)
Completed 200 OK in 76ms (Views: 35.5ms | ActiveRecord: 0.4ms)


Started POST "/users/sign_in" for 127.0.0.1 at 2014-03-07 01:09:35 -0800
Processing by Devise::SessionsController#create as HTML
  Parameters: {"utf8"=>"✓", "authenticity_token"=>"rH6oCHeo5XWtd8r7NXmhA6zmFKk1s5ji/B5s2rZv2U8=", "user"=>{"email"=>"a@a.com", "password"=>"[FILTERED]", "remember_me"=>"0"}, "commit"=>"Sign in"}
  [1m[35mUser Load (0.3ms)[0m  SELECT "users".* FROM "users" WHERE "users"."email" = 'a@a.com' ORDER BY "users"."id" ASC LIMIT 1
Completed 401 Unauthorized in 6ms
Processing by Devise::SessionsController#new as HTML
  Parameters: {"utf8"=>"✓", "authenticity_token"=>"rH6oCHeo5XWtd8r7NXmhA6zmFKk1s5ji/B5s2rZv2U8=", "user"=>{"email"=>"a@a.com", "password"=>"[FILTERED]", "remember_me"=>"0"}, "commit"=>"Sign in"}
  Rendered devise/shared/_links.erb (0.4ms)
  Rendered devise/sessions/new.html.erb within layouts/application (3.6ms)
Completed 200 OK in 88ms (Views: 8.9ms | ActiveRecord: 0.0ms)


Started GET "/assets/application.css?body=1" for 127.0.0.1 at 2014-03-07 01:09:35 -0800


Started GET "/assets/home.js?body=1" for 127.0.0.1 at 2014-03-07 01:09:35 -0800


Started GET "/assets/user.css?body=1" for 127.0.0.1 at 2014-03-07 01:09:35 -0800


Started GET "/assets/application.js?body=1" for 127.0.0.1 at 2014-03-07 01:09:35 -0800


Started GET "/assets/user.js?body=1" for 127.0.0.1 at 2014-03-07 01:09:35 -0800


Started GET "/users/sign_up" for 127.0.0.1 at 2014-03-07 01:09:41 -0800
Processing by Devise::RegistrationsController#new as HTML
  Rendered devise/shared/_links.erb (0.6ms)
  Rendered devise/registrations/new.html.erb within layouts/application (5.7ms)
Completed 200 OK in 15ms (Views: 13.4ms | ActiveRecord: 0.0ms)


Started GET "/assets/user.css?body=1" for 127.0.0.1 at 2014-03-07 01:09:41 -0800


Started GET "/assets/application.css?body=1" for 127.0.0.1 at 2014-03-07 01:09:41 -0800


Started GET "/assets/home.js?body=1" for 127.0.0.1 at 2014-03-07 01:09:41 -0800


Started GET "/assets/user.js?body=1" for 127.0.0.1 at 2014-03-07 01:09:41 -0800


Started GET "/assets/application.js?body=1" for 127.0.0.1 at 2014-03-07 01:09:41 -0800


Started POST "/users" for 127.0.0.1 at 2014-03-07 01:09:53 -0800
Processing by Devise::RegistrationsController#create as HTML
  Parameters: {"utf8"=>"✓", "authenticity_token"=>"rH6oCHeo5XWtd8r7NXmhA6zmFKk1s5ji/B5s2rZv2U8=", "user"=>{"email"=>"rico@gmail.com", "password"=>"[FILTERED]", "password_confirmation"=>"[FILTERED]"}, "commit"=>"Sign up"}
  [1m[36m (0.1ms)[0m  [1mbegin transaction[0m
  [1m[35mUser Exists (0.2ms)[0m  SELECT 1 AS one FROM "users" WHERE "users"."email" = 'rico@gmail.com' LIMIT 1
Binary data inserted for `string` type on column `encrypted_password`
  [1m[36mSQL (5.1ms)[0m  [1mINSERT INTO "users" ("created_at", "email", "encrypted_password", "updated_at") VALUES (?, ?, ?, ?)[0m  [["created_at", Fri, 07 Mar 2014 09:09:54 UTC +00:00], ["email", "rico@gmail.com"], ["encrypted_password", "$2a$10$lphuy5zjKJ4hrcUHXwmi0eMluLREOqqR8udu4Y48dtlOwayTqRuV6"], ["updated_at", Fri, 07 Mar 2014 09:09:54 UTC +00:00]]
  [1m[35m (0.8ms)[0m  commit transaction
  [1m[36m (0.1ms)[0m  [1mbegin transaction[0m
Binary data inserted for `string` type on column `last_sign_in_ip`
Binary data inserted for `string` type on column `current_sign_in_ip`
  [1m[35mSQL (0.6ms)[0m  UPDATE "users" SET "last_sign_in_at" = ?, "current_sign_in_at" = ?, "last_sign_in_ip" = ?, "current_sign_in_ip" = ?, "sign_in_count" = ?, "updated_at" = ? WHERE "users"."id" = 1  [["last_sign_in_at", Fri, 07 Mar 2014 09:09:54 UTC +00:00], ["current_sign_in_at", Fri, 07 Mar 2014 09:09:54 UTC +00:00], ["last_sign_in_ip", "127.0.0.1"], ["current_sign_in_ip", "127.0.0.1"], ["sign_in_count", 1], ["updated_at", Fri, 07 Mar 2014 09:09:54 UTC +00:00]]
  [1m[36m (0.7ms)[0m  [1mcommit transaction[0m
Redirected to http://localhost:3000/
Completed 302 Found in 110ms (ActiveRecord: 7.5ms)


Started GET "/" for 127.0.0.1 at 2014-03-07 01:09:54 -0800
Processing by HomeController#index as HTML
  [1m[35mUser Load (0.2ms)[0m  SELECT "users".* FROM "users" WHERE "users"."id" = 1 ORDER BY "users"."id" ASC LIMIT 1
  Rendered home/index.html.erb within layouts/application (2.0ms)
Completed 200 OK in 8ms (Views: 7.3ms | ActiveRecord: 0.2ms)


Started GET "/assets/application.css?body=1" for 127.0.0.1 at 2014-03-07 01:09:54 -0800


Started GET "/assets/user.css?body=1" for 127.0.0.1 at 2014-03-07 01:09:54 -0800


Started GET "/assets/user.js?body=1" for 127.0.0.1 at 2014-03-07 01:09:54 -0800


Started GET "/assets/application.js?body=1" for 127.0.0.1 at 2014-03-07 01:09:54 -0800


Started GET "/assets/home.js?body=1" for 127.0.0.1 at 2014-03-07 01:09:54 -0800


Started DELETE "/users/sign_out" for 127.0.0.1 at 2014-03-07 01:09:58 -0800
Processing by Devise::SessionsController#destroy as HTML
  Parameters: {"authenticity_token"=>"rH6oCHeo5XWtd8r7NXmhA6zmFKk1s5ji/B5s2rZv2U8="}
  [1m[36mUser Load (0.2ms)[0m  [1mSELECT "users".* FROM "users" WHERE "users"."id" = 1 ORDER BY "users"."id" ASC LIMIT 1[0m
  [1m[35m (0.1ms)[0m  begin transaction
  [1m[36m (0.1ms)[0m  [1mcommit transaction[0m
Redirected to http://localhost:3000/
Completed 302 Found in 8ms (ActiveRecord: 0.4ms)


Started GET "/" for 127.0.0.1 at 2014-03-07 01:09:58 -0800
Processing by HomeController#index as HTML
  Rendered home/index.html.erb within layouts/application (0.7ms)
Completed 200 OK in 6ms (Views: 5.1ms | ActiveRecord: 0.0ms)


Started GET "/assets/application.css?body=1" for 127.0.0.1 at 2014-03-07 01:09:58 -0800


Started GET "/assets/home.js?body=1" for 127.0.0.1 at 2014-03-07 01:09:58 -0800


Started GET "/assets/user.css?body=1" for 127.0.0.1 at 2014-03-07 01:09:58 -0800


Started GET "/assets/user.js?body=1" for 127.0.0.1 at 2014-03-07 01:09:58 -0800


Started GET "/assets/application.js?body=1" for 127.0.0.1 at 2014-03-07 01:09:58 -0800


Started GET "/" for 127.0.0.1 at 2014-03-07 01:11:08 -0800
Processing by HomeController#index as HTML
  Rendered home/index.html.erb within layouts/application (1.8ms)
Completed 200 OK in 9ms (Views: 8.6ms | ActiveRecord: 0.0ms)


Started GET "/assets/application.css?body=1" for 127.0.0.1 at 2014-03-07 01:11:08 -0800


Started GET "/assets/home.js?body=1" for 127.0.0.1 at 2014-03-07 01:11:08 -0800


Started GET "/assets/user.css?body=1" for 127.0.0.1 at 2014-03-07 01:11:08 -0800


Started GET "/assets/application.js?body=1" for 127.0.0.1 at 2014-03-07 01:11:08 -0800


Started GET "/assets/user.js?body=1" for 127.0.0.1 at 2014-03-07 01:11:08 -0800


Started GET "/users/sign_in" for 127.0.0.1 at 2014-03-07 01:11:09 -0800
Processing by Devise::SessionsController#new as HTML
  Rendered devise/shared/_links.erb (0.4ms)
  Rendered devise/sessions/new.html.erb within layouts/application (3.9ms)
Completed 200 OK in 11ms (Views: 9.2ms | ActiveRecord: 0.0ms)


Started POST "/users/sign_in" for 127.0.0.1 at 2014-03-07 01:11:18 -0800
Processing by Devise::SessionsController#create as HTML
  Parameters: {"utf8"=>"✓", "authenticity_token"=>"srY96JJHsSOuP/e79VC7zPm8h0Ls7WwSR2kP0V171Ds=", "user"=>{"email"=>"rico@gmail.com", "password"=>"[FILTERED]", "remember_me"=>"0"}, "commit"=>"Sign in"}
  [1m[35mUser Load (0.2ms)[0m  SELECT "users".* FROM "users" WHERE "users"."email" = 'rico@gmail.com' ORDER BY "users"."id" ASC LIMIT 1
  [1m[36m (0.1ms)[0m  [1mbegin transaction[0m
  [1m[35mSQL (0.5ms)[0m  UPDATE "users" SET "current_sign_in_at" = ?, "sign_in_count" = ?, "updated_at" = ? WHERE "users"."id" = 1  [["current_sign_in_at", Fri, 07 Mar 2014 09:11:18 UTC +00:00], ["sign_in_count", 2], ["updated_at", Fri, 07 Mar 2014 09:11:18 UTC +00:00]]
  [1m[36m (99.4ms)[0m  [1mcommit transaction[0m
Redirected to http://localhost:3000/
Completed 302 Found in 186ms (ActiveRecord: 100.2ms)


Started GET "/" for 127.0.0.1 at 2014-03-07 01:11:18 -0800
Processing by HomeController#index as HTML
  [1m[35mUser Load (0.2ms)[0m  SELECT "users".* FROM "users" WHERE "users"."id" = 1 ORDER BY "users"."id" ASC LIMIT 1
  Rendered home/index.html.erb within layouts/application (1.7ms)
Completed 200 OK in 9ms (Views: 8.1ms | ActiveRecord: 0.2ms)


Started GET "/assets/application.css?body=1" for 127.0.0.1 at 2014-03-07 01:11:18 -0800


Started GET "/assets/user.css?body=1" for 127.0.0.1 at 2014-03-07 01:11:18 -0800


Started GET "/assets/application.js?body=1" for 127.0.0.1 at 2014-03-07 01:11:18 -0800


Started GET "/assets/home.js?body=1" for 127.0.0.1 at 2014-03-07 01:11:18 -0800


Started GET "/assets/user.js?body=1" for 127.0.0.1 at 2014-03-07 01:11:18 -0800


Started GET "/" for 127.0.0.1 at 2014-03-07 01:11:29 -0800
Processing by HomeController#index as HTML
  [1m[36mUser Load (0.2ms)[0m  [1mSELECT "users".* FROM "users" WHERE "users"."id" = 1 ORDER BY "users"."id" ASC LIMIT 1[0m
  Rendered home/index.html.erb within layouts/application (2.6ms)
Completed 200 OK in 9ms (Views: 8.6ms | ActiveRecord: 0.2ms)


Started GET "/assets/application.css?body=1" for 127.0.0.1 at 2014-03-07 01:11:29 -0800


Started GET "/assets/user.css?body=1" for 127.0.0.1 at 2014-03-07 01:11:29 -0800


Started GET "/assets/user.js?body=1" for 127.0.0.1 at 2014-03-07 01:11:29 -0800


Started GET "/assets/home.js?body=1" for 127.0.0.1 at 2014-03-07 01:11:29 -0800


Started GET "/assets/application.js?body=1" for 127.0.0.1 at 2014-03-07 01:11:29 -0800


Started GET "/users/edit" for 127.0.0.1 at 2014-03-07 01:11:31 -0800
Processing by Devise::RegistrationsController#edit as HTML
  [1m[35mUser Load (0.2ms)[0m  SELECT "users".* FROM "users" WHERE "users"."id" = 1 ORDER BY "users"."id" ASC LIMIT 1
  Rendered devise/registrations/edit.html.erb within layouts/application (5.3ms)
Completed 200 OK in 16ms (Views: 14.4ms | ActiveRecord: 0.2ms)


Started DELETE "/users" for 127.0.0.1 at 2014-03-07 01:11:37 -0800
Processing by Devise::RegistrationsController#destroy as HTML
  Parameters: {"authenticity_token"=>"rGm8RMgZe1fckhofV7YCe/jaRR1j5ECuovTwCukCxBA="}
  [1m[36mUser Load (0.2ms)[0m  [1mSELECT "users".* FROM "users" WHERE "users"."id" = 1 ORDER BY "users"."id" ASC LIMIT 1[0m
  [1m[35m (0.1ms)[0m  begin transaction
  [1m[36mSQL (0.4ms)[0m  [1mDELETE FROM "users" WHERE "users"."id" = ?[0m  [["id", 1]]
  [1m[35m (0.7ms)[0m  commit transaction
Redirected to http://localhost:3000/
Completed 302 Found in 8ms (ActiveRecord: 1.3ms)


Started GET "/" for 127.0.0.1 at 2014-03-07 01:11:37 -0800
Processing by HomeController#index as HTML
  Rendered home/index.html.erb within layouts/application (0.7ms)
Completed 200 OK in 6ms (Views: 5.7ms | ActiveRecord: 0.0ms)


Started GET "/assets/application.css?body=1" for 127.0.0.1 at 2014-03-07 01:11:37 -0800


Started GET "/assets/user.js?body=1" for 127.0.0.1 at 2014-03-07 01:11:37 -0800


Started GET "/assets/application.js?body=1" for 127.0.0.1 at 2014-03-07 01:11:37 -0800


Started GET "/assets/user.css?body=1" for 127.0.0.1 at 2014-03-07 01:11:37 -0800


Started GET "/assets/home.js?body=1" for 127.0.0.1 at 2014-03-07 01:11:37 -0800


Started GET "/users/sign_up" for 127.0.0.1 at 2014-03-07 01:24:45 -0800
Processing by Devise::RegistrationsController#new as HTML
  Rendered devise/shared/_links.erb (0.3ms)
  Rendered devise/registrations/new.html.erb within layouts/application (3.8ms)
Completed 200 OK in 47ms (Views: 45.6ms | ActiveRecord: 0.0ms)


Started GET "/users/sign_up" for 127.0.0.1 at 2014-03-07 01:25:13 -0800
Processing by Devise::RegistrationsController#new as HTML
  Rendered devise/registrations/new.html.erb within layouts/application (5.1ms)
Completed 500 Internal Server Error in 10ms

ActionView::Template::Error (undefined method `string' for #<User:0x007fc6d3013c58>):
     7:   <%= f.email_field :email, :autofocus => true %></div>
     8: 
     9:    <div><%= f.label :username %><br />
    10:   <%= f.email_field :string, :autofocus => true %></div>
    11: 
    12:   <div><%= f.label :password %><br />
    13:   <%= f.password_field :password %></div>
  app/views/devise/registrations/new.html.erb:10:in `block in _app_views_devise_registrations_new_html_erb___2569549351595819782_70245949207040'
  app/views/devise/registrations/new.html.erb:3:in `_app_views_devise_registrations_new_html_erb___2569549351595819782_70245949207040'
  app/controllers/devise/registrations_controller.rb:8:in `new'


  Rendered /Users/rardisyah/.rvm/gems/ruby-2.0.0-p195/gems/actionpack-4.0.2/lib/action_dispatch/middleware/templates/rescues/_trace.erb (1.3ms)
  Rendered /Users/rardisyah/.rvm/gems/ruby-2.0.0-p195/gems/actionpack-4.0.2/lib/action_dispatch/middleware/templates/rescues/_request_and_response.erb (1.1ms)
  Rendered /Users/rardisyah/.rvm/gems/ruby-2.0.0-p195/gems/actionpack-4.0.2/lib/action_dispatch/middleware/templates/rescues/template_error.erb within rescues/layout (14.4ms)


Started GET "/users/sign_up" for 127.0.0.1 at 2014-03-07 01:25:58 -0800
Processing by Devise::RegistrationsController#new as HTML
  Rendered devise/shared/_links.erb (0.3ms)
  Rendered devise/registrations/new.html.erb within layouts/application (4.5ms)
Completed 200 OK in 13ms (Views: 11.3ms | ActiveRecord: 0.0ms)


Started GET "/assets/user.js?body=1" for 127.0.0.1 at 2014-03-07 01:25:58 -0800


Started GET "/assets/application.js?body=1" for 127.0.0.1 at 2014-03-07 01:25:58 -0800


Started GET "/assets/application.css?body=1" for 127.0.0.1 at 2014-03-07 01:25:58 -0800


Started GET "/assets/user.css?body=1" for 127.0.0.1 at 2014-03-07 01:25:58 -0800


Started GET "/assets/home.js?body=1" for 127.0.0.1 at 2014-03-07 01:25:58 -0800


Started GET "/users/sign_up" for 127.0.0.1 at 2014-03-07 01:26:06 -0800
Processing by Devise::RegistrationsController#new as HTML
  Rendered devise/shared/_links.erb (0.4ms)
  Rendered devise/registrations/new.html.erb within layouts/application (5.7ms)
Completed 200 OK in 15ms (Views: 13.7ms | ActiveRecord: 0.0ms)


Started GET "/assets/application.css?body=1" for 127.0.0.1 at 2014-03-07 01:26:06 -0800


Started GET "/assets/home.js?body=1" for 127.0.0.1 at 2014-03-07 01:26:06 -0800


Started GET "/assets/user.js?body=1" for 127.0.0.1 at 2014-03-07 01:26:06 -0800


Started GET "/assets/user.css?body=1" for 127.0.0.1 at 2014-03-07 01:26:06 -0800


Started GET "/assets/application.js?body=1" for 127.0.0.1 at 2014-03-07 01:26:06 -0800


Started GET "/users/sign_up" for 127.0.0.1 at 2014-03-07 01:27:09 -0800
Processing by Devise::RegistrationsController#new as HTML
  Rendered devise/registrations/new.html.erb within layouts/application (53.6ms)
Completed 500 Internal Server Error in 58ms

ActionView::Template::Error (undefined method `username_field' for #<ActionView::Helpers::FormBuilder:0x007fc6d3ce1070>):
     7:   <%= f.email_field :email, :autofocus => true %></div>
     8: 
     9:   <div><%= f.label :username %><br />
    10:   <%= f.username_field :username, :autofocus => true %></div>
    11: 
    12:   <div><%= f.label :password %><br />
    13:   <%= f.password_field :password %></div>
  app/views/devise/registrations/new.html.erb:10:in `block in _app_views_devise_registrations_new_html_erb___2569549351595819782_70245955551560'
  app/views/devise/registrations/new.html.erb:3:in `_app_views_devise_registrations_new_html_erb___2569549351595819782_70245955551560'
  app/controllers/devise/registrations_controller.rb:8:in `new'


  Rendered /Users/rardisyah/.rvm/gems/ruby-2.0.0-p195/gems/actionpack-4.0.2/lib/action_dispatch/middleware/templates/rescues/_trace.erb (1.2ms)
  Rendered /Users/rardisyah/.rvm/gems/ruby-2.0.0-p195/gems/actionpack-4.0.2/lib/action_dispatch/middleware/templates/rescues/_request_and_response.erb (0.9ms)
  Rendered /Users/rardisyah/.rvm/gems/ruby-2.0.0-p195/gems/actionpack-4.0.2/lib/action_dispatch/middleware/templates/rescues/template_error.erb within rescues/layout (11.0ms)


Started GET "/users/sign_up" for 127.0.0.1 at 2014-03-07 01:28:30 -0800
Processing by Devise::RegistrationsController#new as HTML
  Rendered devise/shared/_links.erb (0.5ms)
  Rendered devise/registrations/new.html.erb within layouts/application (4.3ms)
Completed 200 OK in 12ms (Views: 10.7ms | ActiveRecord: 0.0ms)


Started GET "/assets/application.css?body=1" for 127.0.0.1 at 2014-03-07 01:28:30 -0800


Started GET "/assets/home.js?body=1" for 127.0.0.1 at 2014-03-07 01:28:30 -0800


Started GET "/assets/user.css?body=1" for 127.0.0.1 at 2014-03-07 01:28:30 -0800


Started GET "/assets/user.js?body=1" for 127.0.0.1 at 2014-03-07 01:28:30 -0800


Started GET "/assets/application.js?body=1" for 127.0.0.1 at 2014-03-07 01:28:30 -0800


Started GET "/users/sign_in" for 127.0.0.1 at 2014-03-07 01:28:32 -0800
Processing by Devise::SessionsController#new as HTML
  Rendered devise/shared/_links.erb (0.6ms)
  Rendered devise/sessions/new.html.erb within layouts/application (4.0ms)
Completed 200 OK in 41ms (Views: 39.5ms | ActiveRecord: 0.0ms)


Started GET "/" for 127.0.0.1 at 2014-03-07 01:28:38 -0800
Processing by HomeController#index as HTML
  Rendered home/index.html.erb within layouts/application (0.9ms)
Completed 200 OK in 7ms (Views: 6.7ms | ActiveRecord: 0.0ms)


Started GET "/assets/application.css?body=1" for 127.0.0.1 at 2014-03-07 01:28:38 -0800


Started GET "/assets/user.css?body=1" for 127.0.0.1 at 2014-03-07 01:28:38 -0800


Started GET "/assets/user.js?body=1" for 127.0.0.1 at 2014-03-07 01:28:38 -0800


Started GET "/assets/home.js?body=1" for 127.0.0.1 at 2014-03-07 01:28:38 -0800


Started GET "/assets/application.js?body=1" for 127.0.0.1 at 2014-03-07 01:28:38 -0800


Started GET "/users/sign_in" for 127.0.0.1 at 2014-03-07 01:30:58 -0800
Processing by Devise::SessionsController#new as HTML
  Rendered devise/shared/_links.erb (0.5ms)
  Rendered devise/sessions/new.html.erb within layouts/application (3.8ms)
Completed 200 OK in 11ms (Views: 9.4ms | ActiveRecord: 0.0ms)


Started GET "/users/sign_up" for 127.0.0.1 at 2014-03-07 01:31:01 -0800
Processing by Devise::RegistrationsController#new as HTML
  Rendered devise/registrations/new.html.erb within layouts/application (4.4ms)
Completed 500 Internal Server Error in 8ms

ActionView::Template::Error (undefined method `userName' for #<User:0x007fc6d2658038>):
     7:   <%= f.email_field :email, :autofocus => true %></div>
     8: 
     9:   <div><%= f.label :userName %><br />
    10:   <%= f.text_field :userName%></div>
    11: 
    12:   <div><%= f.label :password %><br />
    13:   <%= f.password_field :password %></div>
  app/views/devise/registrations/new.html.erb:10:in `block in _app_views_devise_registrations_new_html_erb___2569549351595819782_70245955078240'
  app/views/devise/registrations/new.html.erb:3:in `_app_views_devise_registrations_new_html_erb___2569549351595819782_70245955078240'
  app/controllers/devise/registrations_controller.rb:8:in `new'


  Rendered /Users/rardisyah/.rvm/gems/ruby-2.0.0-p195/gems/actionpack-4.0.2/lib/action_dispatch/middleware/templates/rescues/_trace.erb (1.3ms)
  Rendered /Users/rardisyah/.rvm/gems/ruby-2.0.0-p195/gems/actionpack-4.0.2/lib/action_dispatch/middleware/templates/rescues/_request_and_response.erb (1.1ms)
  Rendered /Users/rardisyah/.rvm/gems/ruby-2.0.0-p195/gems/actionpack-4.0.2/lib/action_dispatch/middleware/templates/rescues/template_error.erb within rescues/layout (13.1ms)


Started GET "/users/sign_up" for 127.0.0.1 at 2014-03-07 01:31:01 -0800
Processing by Devise::RegistrationsController#new as HTML
  Rendered devise/registrations/new.html.erb within layouts/application (3.1ms)
Completed 500 Internal Server Error in 7ms

ActionView::Template::Error (undefined method `userName' for #<User:0x007fc6d3cb1870>):
     7:   <%= f.email_field :email, :autofocus => true %></div>
     8: 
     9:   <div><%= f.label :userName %><br />
    10:   <%= f.text_field :userName%></div>
    11: 
    12:   <div><%= f.label :password %><br />
    13:   <%= f.password_field :password %></div>
  app/views/devise/registrations/new.html.erb:10:in `block in _app_views_devise_registrations_new_html_erb___2569549351595819782_70245955078240'
  app/views/devise/registrations/new.html.erb:3:in `_app_views_devise_registrations_new_html_erb___2569549351595819782_70245955078240'
  app/controllers/devise/registrations_controller.rb:8:in `new'


  Rendered /Users/rardisyah/.rvm/gems/ruby-2.0.0-p195/gems/actionpack-4.0.2/lib/action_dispatch/middleware/templates/rescues/_trace.erb (1.2ms)
  Rendered /Users/rardisyah/.rvm/gems/ruby-2.0.0-p195/gems/actionpack-4.0.2/lib/action_dispatch/middleware/templates/rescues/_request_and_response.erb (0.9ms)
  Rendered /Users/rardisyah/.rvm/gems/ruby-2.0.0-p195/gems/actionpack-4.0.2/lib/action_dispatch/middleware/templates/rescues/template_error.erb within rescues/layout (11.3ms)


Started GET "/users/sign_up" for 127.0.0.1 at 2014-03-07 01:32:37 -0800
Processing by Devise::RegistrationsController#new as HTML
  Rendered devise/registrations/new.html.erb within layouts/application (41.3ms)
Completed 500 Internal Server Error in 47ms

ActionView::Template::Error (undefined method `userName' for #<User:0x007fc6d6831338>):
     7:   <%= f.email_field :email, :autofocus => true %></div>
     8: 
     9:   <div><%= f.label :userName %><br />
    10:   <%= f.text_field :userName%></div>
    11: 
    12:   <div><%= f.label :password %><br />
    13:   <%= f.password_field :password %></div>
  app/views/devise/registrations/new.html.erb:10:in `block in _app_views_devise_registrations_new_html_erb___2569549351595819782_70245955078240'
  app/views/devise/registrations/new.html.erb:3:in `_app_views_devise_registrations_new_html_erb___2569549351595819782_70245955078240'
  app/controllers/devise/registrations_controller.rb:8:in `new'


  Rendered /Users/rardisyah/.rvm/gems/ruby-2.0.0-p195/gems/actionpack-4.0.2/lib/action_dispatch/middleware/templates/rescues/_trace.erb (1.6ms)
  Rendered /Users/rardisyah/.rvm/gems/ruby-2.0.0-p195/gems/actionpack-4.0.2/lib/action_dispatch/middleware/templates/rescues/_request_and_response.erb (1.0ms)
  Rendered /Users/rardisyah/.rvm/gems/ruby-2.0.0-p195/gems/actionpack-4.0.2/lib/action_dispatch/middleware/templates/rescues/template_error.erb within rescues/layout (11.6ms)


Started GET "/users/sign_up" for 127.0.0.1 at 2014-03-07 01:41:40 -0800
Processing by Devise::RegistrationsController#new as HTML
  Rendered devise/registrations/new.html.erb within layouts/application (12.5ms)
Completed 500 Internal Server Error in 18ms

ActionView::Template::Error (undefined method `username' for #<User:0x007fc6d31fe360>):
    4:   <%= devise_error_messages! %>
    5: 
    6:   <div><%= f.label :Username %><br />
    7:   <%= f.text_field :username, :autofocus => true %></div>
    8: 
    9:   <div><%= f.label :email %><br />
   10:   <%= f.email_field :email, :autofocus => true %></div>
  app/views/devise/registrations/new.html.erb:7:in `block in _app_views_devise_registrations_new_html_erb___2569549351595819782_70245966636420'
  app/views/devise/registrations/new.html.erb:3:in `_app_views_devise_registrations_new_html_erb___2569549351595819782_70245966636420'
  app/controllers/devise/registrations_controller.rb:8:in `new'


  Rendered /Users/rardisyah/.rvm/gems/ruby-2.0.0-p195/gems/actionpack-4.0.2/lib/action_dispatch/middleware/templates/rescues/_trace.erb (1.3ms)
  Rendered /Users/rardisyah/.rvm/gems/ruby-2.0.0-p195/gems/actionpack-4.0.2/lib/action_dispatch/middleware/templates/rescues/_request_and_response.erb (1.0ms)
  Rendered /Users/rardisyah/.rvm/gems/ruby-2.0.0-p195/gems/actionpack-4.0.2/lib/action_dispatch/middleware/templates/rescues/template_error.erb within rescues/layout (12.2ms)


Started GET "/users/sign_up" for 127.0.0.1 at 2014-03-07 01:41:57 -0800
Processing by Devise::RegistrationsController#new as HTML
  Rendered devise/registrations/new.html.erb within layouts/application (12.9ms)
Completed 500 Internal Server Error in 19ms

ActionView::Template::Error (undefined method `username' for #<User:0x007fc6d2163758>):
    4:   <%= devise_error_messages! %>
    5: 
    6:   <div><%= f.label :Username %><br />
    7:   <%= f.text_field :username, :autofocus => true %></div>
    8: 
    9:   <div><%= f.label :email %><br />
   10:   <%= f.email_field :email, :autofocus => true %></div>
  app/views/devise/registrations/new.html.erb:7:in `block in _app_views_devise_registrations_new_html_erb___2569549351595819782_70245952782220'
  app/views/devise/registrations/new.html.erb:3:in `_app_views_devise_registrations_new_html_erb___2569549351595819782_70245952782220'
  app/controllers/devise/registrations_controller.rb:8:in `new'


  Rendered /Users/rardisyah/.rvm/gems/ruby-2.0.0-p195/gems/actionpack-4.0.2/lib/action_dispatch/middleware/templates/rescues/_trace.erb (1.2ms)
  Rendered /Users/rardisyah/.rvm/gems/ruby-2.0.0-p195/gems/actionpack-4.0.2/lib/action_dispatch/middleware/templates/rescues/_request_and_response.erb (0.9ms)
  Rendered /Users/rardisyah/.rvm/gems/ruby-2.0.0-p195/gems/actionpack-4.0.2/lib/action_dispatch/middleware/templates/rescues/template_error.erb within rescues/layout (11.2ms)


Started GET "/users/sign_up" for 127.0.0.1 at 2014-03-07 01:46:53 -0800
Processing by Devise::RegistrationsController#new as HTML
  Rendered devise/registrations/new.html.erb within layouts/application (13.7ms)
Completed 500 Internal Server Error in 20ms

ActionView::Template::Error (undefined method `username' for #<User:0x007fc6d3cd6738>):
    4:   <%= devise_error_messages! %>
    5: 
    6:   <div><%= f.label :Username %><br />
    7:   <%= f.text_field :username, :autofocus => true %></div>
    8: 
    9:   <div><%= f.label :email %><br />
   10:   <%= f.email_field :email, :autofocus => true %></div>
  app/views/devise/registrations/new.html.erb:7:in `block in _app_views_devise_registrations_new_html_erb___2569549351595819782_70245955806760'
  app/views/devise/registrations/new.html.erb:3:in `_app_views_devise_registrations_new_html_erb___2569549351595819782_70245955806760'
  app/controllers/devise/registrations_controller.rb:8:in `new'


  Rendered /Users/rardisyah/.rvm/gems/ruby-2.0.0-p195/gems/actionpack-4.0.2/lib/action_dispatch/middleware/templates/rescues/_trace.erb (1.2ms)
  Rendered /Users/rardisyah/.rvm/gems/ruby-2.0.0-p195/gems/actionpack-4.0.2/lib/action_dispatch/middleware/templates/rescues/_request_and_response.erb (1.3ms)
  Rendered /Users/rardisyah/.rvm/gems/ruby-2.0.0-p195/gems/actionpack-4.0.2/lib/action_dispatch/middleware/templates/rescues/template_error.erb within rescues/layout (11.7ms)


Started GET "/users/sign_up" for 127.0.0.1 at 2014-03-07 01:53:47 -0800
Processing by Devise::RegistrationsController#new as HTML
  Rendered devise/registrations/new.html.erb within layouts/application (12.7ms)
Completed 500 Internal Server Error in 19ms

ActionView::Template::Error (undefined method `username' for #<User:0x007fc6d24a5f10>):
    4:   <%= devise_error_messages! %>
    5: 
    6:   <div><%= f.label :Username %><br />
    7:   <%= f.text_field :username, :autofocus => true %></div>
    8: 
    9:   <div><%= f.label :email %><br />
   10:   <%= f.email_field :email, :autofocus => true %></div>
  app/views/devise/registrations/new.html.erb:7:in `block in _app_views_devise_registrations_new_html_erb___2569549351595819782_70245955806760'
  app/views/devise/registrations/new.html.erb:3:in `_app_views_devise_registrations_new_html_erb___2569549351595819782_70245955806760'
  app/controllers/devise/registrations_controller.rb:8:in `new'


  Rendered /Users/rardisyah/.rvm/gems/ruby-2.0.0-p195/gems/actionpack-4.0.2/lib/action_dispatch/middleware/templates/rescues/_trace.erb (1.2ms)
  Rendered /Users/rardisyah/.rvm/gems/ruby-2.0.0-p195/gems/actionpack-4.0.2/lib/action_dispatch/middleware/templates/rescues/_request_and_response.erb (0.9ms)
  Rendered /Users/rardisyah/.rvm/gems/ruby-2.0.0-p195/gems/actionpack-4.0.2/lib/action_dispatch/middleware/templates/rescues/template_error.erb within rescues/layout (11.4ms)


Started GET "/" for 127.0.0.1 at 2014-03-07 01:54:03 -0800
  [1m[36mActiveRecord::SchemaMigration Load (0.2ms)[0m  [1mSELECT "schema_migrations".* FROM "schema_migrations"[0m
Processing by HomeController#index as HTML
  Rendered home/index.html.erb within layouts/application (12.5ms)
Completed 200 OK in 84ms (Views: 64.3ms | ActiveRecord: 0.0ms)


Started GET "/assets/user.css?body=1" for 127.0.0.1 at 2014-03-07 01:54:03 -0800


Started GET "/assets/application.css?body=1" for 127.0.0.1 at 2014-03-07 01:54:03 -0800


Started GET "/assets/home.js?body=1" for 127.0.0.1 at 2014-03-07 01:54:03 -0800


Started GET "/assets/user.js?body=1" for 127.0.0.1 at 2014-03-07 01:54:03 -0800


Started GET "/assets/application.js?body=1" for 127.0.0.1 at 2014-03-07 01:54:03 -0800


Started GET "/users/sign_up" for 127.0.0.1 at 2014-03-07 01:54:05 -0800
Processing by Devise::RegistrationsController#new as HTML
  Rendered devise/registrations/new.html.erb within layouts/application (54.3ms)
Completed 500 Internal Server Error in 60ms

ActionView::Template::Error (undefined method `username' for #<User:0x007fc086b2aa90>):
    4:   <%= devise_error_messages! %>
    5: 
    6:   <div><%= f.label :Username %><br />
    7:   <%= f.text_field :username, :autofocus => true %></div>
    8: 
    9:   <div><%= f.label :email %><br />
   10:   <%= f.email_field :email, :autofocus => true %></div>
  app/views/devise/registrations/new.html.erb:7:in `block in _app_views_devise_registrations_new_html_erb___929078555946666229_70232435225120'
  app/views/devise/registrations/new.html.erb:3:in `_app_views_devise_registrations_new_html_erb___929078555946666229_70232435225120'
  app/controllers/devise/registrations_controller.rb:8:in `new'


  Rendered /Users/rardisyah/.rvm/gems/ruby-2.0.0-p195/gems/actionpack-4.0.2/lib/action_dispatch/middleware/templates/rescues/_trace.erb (1.4ms)
  Rendered /Users/rardisyah/.rvm/gems/ruby-2.0.0-p195/gems/actionpack-4.0.2/lib/action_dispatch/middleware/templates/rescues/_request_and_response.erb (1.0ms)
  Rendered /Users/rardisyah/.rvm/gems/ruby-2.0.0-p195/gems/actionpack-4.0.2/lib/action_dispatch/middleware/templates/rescues/template_error.erb within rescues/layout (16.3ms)


Started GET "/users/sign_up" for 127.0.0.1 at 2014-03-07 01:54:05 -0800
Processing by Devise::RegistrationsController#new as HTML
  Rendered devise/registrations/new.html.erb within layouts/application (2.0ms)
Completed 500 Internal Server Error in 8ms

ActionView::Template::Error (undefined method `username' for #<User:0x007fc0830d6420>):
    4:   <%= devise_error_messages! %>
    5: 
    6:   <div><%= f.label :Username %><br />
    7:   <%= f.text_field :username, :autofocus => true %></div>
    8: 
    9:   <div><%= f.label :email %><br />
   10:   <%= f.email_field :email, :autofocus => true %></div>
  app/views/devise/registrations/new.html.erb:7:in `block in _app_views_devise_registrations_new_html_erb___929078555946666229_70232435225120'
  app/views/devise/registrations/new.html.erb:3:in `_app_views_devise_registrations_new_html_erb___929078555946666229_70232435225120'
  app/controllers/devise/registrations_controller.rb:8:in `new'


  Rendered /Users/rardisyah/.rvm/gems/ruby-2.0.0-p195/gems/actionpack-4.0.2/lib/action_dispatch/middleware/templates/rescues/_trace.erb (1.7ms)
  Rendered /Users/rardisyah/.rvm/gems/ruby-2.0.0-p195/gems/actionpack-4.0.2/lib/action_dispatch/middleware/templates/rescues/_request_and_response.erb (1.0ms)
  Rendered /Users/rardisyah/.rvm/gems/ruby-2.0.0-p195/gems/actionpack-4.0.2/lib/action_dispatch/middleware/templates/rescues/template_error.erb within rescues/layout (12.8ms)


Started GET "/" for 127.0.0.1 at 2014-03-07 01:54:13 -0800
Processing by HomeController#index as HTML
  Rendered home/index.html.erb within layouts/application (1.2ms)
Completed 200 OK in 9ms (Views: 8.2ms | ActiveRecord: 0.0ms)


Started GET "/assets/application.css?body=1" for 127.0.0.1 at 2014-03-07 01:54:13 -0800


Started GET "/assets/user.css?body=1" for 127.0.0.1 at 2014-03-07 01:54:13 -0800


Started GET "/assets/user.js?body=1" for 127.0.0.1 at 2014-03-07 01:54:13 -0800


Started GET "/assets/home.js?body=1" for 127.0.0.1 at 2014-03-07 01:54:13 -0800


Started GET "/assets/application.js?body=1" for 127.0.0.1 at 2014-03-07 01:54:13 -0800


Started GET "/users/sign_in" for 127.0.0.1 at 2014-03-07 01:54:15 -0800
Processing by Devise::SessionsController#new as HTML
  Rendered devise/shared/_links.erb (1.6ms)
  Rendered devise/sessions/new.html.erb within layouts/application (43.5ms)
Completed 200 OK in 53ms (Views: 48.9ms | ActiveRecord: 0.0ms)


Started POST "/users/sign_in" for 127.0.0.1 at 2014-03-07 01:54:26 -0800
Processing by Devise::SessionsController#create as HTML
  Parameters: {"utf8"=>"✓", "authenticity_token"=>"7cqBZGeIt0DFBVwvFgO0tXmOPCk3VEDZc+W5T9QEkAk=", "user"=>{"email"=>"rico@gmail.com", "password"=>"[FILTERED]", "remember_me"=>"0"}, "commit"=>"Sign in"}
  [1m[35mUser Load (0.2ms)[0m  SELECT "users".* FROM "users" WHERE "users"."email" = 'rico@gmail.com' ORDER BY "users"."id" ASC LIMIT 1
Completed 401 Unauthorized in 6ms
Processing by Devise::SessionsController#new as HTML
  Parameters: {"utf8"=>"✓", "authenticity_token"=>"7cqBZGeIt0DFBVwvFgO0tXmOPCk3VEDZc+W5T9QEkAk=", "user"=>{"email"=>"rico@gmail.com", "password"=>"[FILTERED]", "remember_me"=>"0"}, "commit"=>"Sign in"}
  Rendered devise/shared/_links.erb (0.4ms)
  Rendered devise/sessions/new.html.erb within layouts/application (3.1ms)
Completed 200 OK in 87ms (Views: 8.1ms | ActiveRecord: 0.0ms)


Started GET "/assets/application.css?body=1" for 127.0.0.1 at 2014-03-07 01:54:26 -0800


Started GET "/assets/user.js?body=1" for 127.0.0.1 at 2014-03-07 01:54:26 -0800


Started GET "/assets/user.css?body=1" for 127.0.0.1 at 2014-03-07 01:54:26 -0800


Started GET "/assets/home.js?body=1" for 127.0.0.1 at 2014-03-07 01:54:26 -0800


Started GET "/assets/application.js?body=1" for 127.0.0.1 at 2014-03-07 01:54:26 -0800


Started GET "/users/sign_up" for 127.0.0.1 at 2014-03-07 01:55:24 -0800
Processing by Devise::RegistrationsController#new as HTML
  Rendered devise/registrations/new.html.erb within layouts/application (12.6ms)
Completed 500 Internal Server Error in 18ms

ActionView::Template::Error (undefined method `username' for #<User:0x007fc0852058a8>):
    4:   <%= devise_error_messages! %>
    5: 
    6:   <div><%= f.label :Username %><br />
    7:   <%= f.text_field :username, :autofocus => true %></div>
    8: 
    9:   <div><%= f.label :email %><br />
   10:   <%= f.email_field :email, :autofocus => true %></div>
  app/views/devise/registrations/new.html.erb:7:in `block in _app_views_devise_registrations_new_html_erb___929078555946666229_70232435225120'
  app/views/devise/registrations/new.html.erb:3:in `_app_views_devise_registrations_new_html_erb___929078555946666229_70232435225120'
  app/controllers/devise/registrations_controller.rb:8:in `new'


  Rendered /Users/rardisyah/.rvm/gems/ruby-2.0.0-p195/gems/actionpack-4.0.2/lib/action_dispatch/middleware/templates/rescues/_trace.erb (1.9ms)
  Rendered /Users/rardisyah/.rvm/gems/ruby-2.0.0-p195/gems/actionpack-4.0.2/lib/action_dispatch/middleware/templates/rescues/_request_and_response.erb (1.0ms)
  Rendered /Users/rardisyah/.rvm/gems/ruby-2.0.0-p195/gems/actionpack-4.0.2/lib/action_dispatch/middleware/templates/rescues/template_error.erb within rescues/layout (13.2ms)


Started GET "/users/sign_up" for 127.0.0.1 at 2014-03-07 01:55:42 -0800
Processing by Devise::RegistrationsController#new as HTML
  Rendered devise/shared/_links.erb (0.6ms)
  Rendered devise/registrations/new.html.erb within layouts/application (5.1ms)
Completed 200 OK in 12ms (Views: 10.8ms | ActiveRecord: 0.0ms)


Started GET "/assets/application.css?body=1" for 127.0.0.1 at 2014-03-07 01:55:42 -0800


Started GET "/assets/home.js?body=1" for 127.0.0.1 at 2014-03-07 01:55:42 -0800


Started GET "/assets/user.css?body=1" for 127.0.0.1 at 2014-03-07 01:55:42 -0800


Started GET "/assets/user.js?body=1" for 127.0.0.1 at 2014-03-07 01:55:42 -0800


Started GET "/assets/application.js?body=1" for 127.0.0.1 at 2014-03-07 01:55:42 -0800


Started POST "/users" for 127.0.0.1 at 2014-03-07 01:55:53 -0800
Processing by Devise::RegistrationsController#create as HTML
  Parameters: {"utf8"=>"✓", "authenticity_token"=>"7cqBZGeIt0DFBVwvFgO0tXmOPCk3VEDZc+W5T9QEkAk=", "user"=>{"email"=>"rico@gmail.com", "password"=>"[FILTERED]", "password_confirmation"=>"[FILTERED]"}, "commit"=>"Sign up"}
  [1m[36m (0.1ms)[0m  [1mbegin transaction[0m
  [1m[35mUser Exists (0.2ms)[0m  SELECT 1 AS one FROM "users" WHERE "users"."email" = 'rico@gmail.com' LIMIT 1
Binary data inserted for `string` type on column `encrypted_password`
  [1m[36mSQL (4.5ms)[0m  [1mINSERT INTO "users" ("created_at", "email", "encrypted_password", "updated_at") VALUES (?, ?, ?, ?)[0m  [["created_at", Fri, 07 Mar 2014 09:55:53 UTC +00:00], ["email", "rico@gmail.com"], ["encrypted_password", "$2a$10$YY/edk1nJllEUzFr/2ZcK.jRV1C3mrmk9OAGJYGlt37PM/Gi4qu86"], ["updated_at", Fri, 07 Mar 2014 09:55:53 UTC +00:00]]
  [1m[35m (0.7ms)[0m  commit transaction
  [1m[36m (0.1ms)[0m  [1mbegin transaction[0m
Binary data inserted for `string` type on column `last_sign_in_ip`
Binary data inserted for `string` type on column `current_sign_in_ip`
  [1m[35mSQL (0.8ms)[0m  UPDATE "users" SET "last_sign_in_at" = ?, "current_sign_in_at" = ?, "last_sign_in_ip" = ?, "current_sign_in_ip" = ?, "sign_in_count" = ?, "updated_at" = ? WHERE "users"."id" = 2  [["last_sign_in_at", Fri, 07 Mar 2014 09:55:53 UTC +00:00], ["current_sign_in_at", Fri, 07 Mar 2014 09:55:53 UTC +00:00], ["last_sign_in_ip", "127.0.0.1"], ["current_sign_in_ip", "127.0.0.1"], ["sign_in_count", 1], ["updated_at", Fri, 07 Mar 2014 09:55:53 UTC +00:00]]
  [1m[36m (0.5ms)[0m  [1mcommit transaction[0m
Redirected to http://localhost:3000/
Completed 302 Found in 107ms (ActiveRecord: 6.8ms)


Started GET "/" for 127.0.0.1 at 2014-03-07 01:55:53 -0800
Processing by HomeController#index as HTML
  [1m[35mUser Load (0.3ms)[0m  SELECT "users".* FROM "users" WHERE "users"."id" = 2 ORDER BY "users"."id" ASC LIMIT 1
  Rendered home/index.html.erb within layouts/application (3.3ms)
Completed 200 OK in 12ms (Views: 9.8ms | ActiveRecord: 0.3ms)


Started GET "/assets/user.css?body=1" for 127.0.0.1 at 2014-03-07 01:55:53 -0800


Started GET "/assets/application.js?body=1" for 127.0.0.1 at 2014-03-07 01:55:53 -0800


Started GET "/assets/home.js?body=1" for 127.0.0.1 at 2014-03-07 01:55:53 -0800


Started GET "/assets/user.js?body=1" for 127.0.0.1 at 2014-03-07 01:55:53 -0800


Started GET "/assets/application.css?body=1" for 127.0.0.1 at 2014-03-07 01:55:53 -0800


Started GET "/users/edit" for 127.0.0.1 at 2014-03-07 01:55:55 -0800
Processing by Devise::RegistrationsController#edit as HTML
  [1m[36mUser Load (0.2ms)[0m  [1mSELECT "users".* FROM "users" WHERE "users"."id" = 2 ORDER BY "users"."id" ASC LIMIT 1[0m
  Rendered devise/registrations/edit.html.erb within layouts/application (4.0ms)
Completed 200 OK in 11ms (Views: 9.6ms | ActiveRecord: 0.2ms)


Started PUT "/users" for 127.0.0.1 at 2014-03-07 01:56:02 -0800
Processing by Devise::RegistrationsController#update as HTML
  Parameters: {"utf8"=>"✓", "authenticity_token"=>"7cqBZGeIt0DFBVwvFgO0tXmOPCk3VEDZc+W5T9QEkAk=", "user"=>{"email"=>"r@gmail.com", "password"=>"[FILTERED]", "password_confirmation"=>"[FILTERED]", "current_password"=>"[FILTERED]"}, "commit"=>"Update"}
  [1m[35mUser Load (0.3ms)[0m  SELECT "users".* FROM "users" WHERE "users"."id" = 2 ORDER BY "users"."id" ASC LIMIT 1
  [1m[36mUser Load (0.3ms)[0m  [1mSELECT "users".* FROM "users" WHERE "users"."id" = ? LIMIT 1[0m  [["id", 2]]
  [1m[35mUser Exists (0.2ms)[0m  SELECT 1 AS one FROM "users" WHERE ("users"."email" = 'r@gmail.com' AND "users"."id" != 2) LIMIT 1
  Rendered devise/registrations/edit.html.erb within layouts/application (4.4ms)
Completed 200 OK in 97ms (Views: 9.2ms | ActiveRecord: 0.7ms)


Started GET "/assets/application.css?body=1" for 127.0.0.1 at 2014-03-07 01:56:02 -0800


Started GET "/assets/user.css?body=1" for 127.0.0.1 at 2014-03-07 01:56:02 -0800


Started GET "/assets/user.js?body=1" for 127.0.0.1 at 2014-03-07 01:56:02 -0800


Started GET "/assets/home.js?body=1" for 127.0.0.1 at 2014-03-07 01:56:02 -0800


Started GET "/assets/application.js?body=1" for 127.0.0.1 at 2014-03-07 01:56:02 -0800


Started PUT "/users" for 127.0.0.1 at 2014-03-07 01:56:09 -0800
Processing by Devise::RegistrationsController#update as HTML
  Parameters: {"utf8"=>"✓", "authenticity_token"=>"7cqBZGeIt0DFBVwvFgO0tXmOPCk3VEDZc+W5T9QEkAk=", "user"=>{"email"=>"r@gmail.com", "password"=>"[FILTERED]", "password_confirmation"=>"[FILTERED]", "current_password"=>"[FILTERED]"}, "commit"=>"Update"}
  [1m[36mUser Load (0.3ms)[0m  [1mSELECT "users".* FROM "users" WHERE "users"."id" = 2 ORDER BY "users"."id" ASC LIMIT 1[0m
  [1m[35mUser Load (0.2ms)[0m  SELECT "users".* FROM "users" WHERE "users"."id" = ? LIMIT 1  [["id", 2]]
  [1m[36m (0.1ms)[0m  [1mbegin transaction[0m
  [1m[35mUser Exists (0.1ms)[0m  SELECT 1 AS one FROM "users" WHERE ("users"."email" = 'r@gmail.com' AND "users"."id" != 2) LIMIT 1
  [1m[36mSQL (0.4ms)[0m  [1mUPDATE "users" SET "email" = ?, "updated_at" = ? WHERE "users"."id" = 2[0m  [["email", "r@gmail.com"], ["updated_at", Fri, 07 Mar 2014 09:56:09 UTC +00:00]]
  [1m[35m (2.3ms)[0m  commit transaction
Redirected to http://localhost:3000/
Completed 302 Found in 91ms (ActiveRecord: 3.5ms)


Started GET "/" for 127.0.0.1 at 2014-03-07 01:56:09 -0800
Processing by HomeController#index as HTML
  [1m[36mUser Load (0.2ms)[0m  [1mSELECT "users".* FROM "users" WHERE "users"."id" = 2 ORDER BY "users"."id" ASC LIMIT 1[0m
  Rendered home/index.html.erb within layouts/application (1.3ms)
Completed 200 OK in 35ms (Views: 33.8ms | ActiveRecord: 0.2ms)


Started GET "/assets/user.css?body=1" for 127.0.0.1 at 2014-03-07 01:56:09 -0800


Started GET "/assets/application.css?body=1" for 127.0.0.1 at 2014-03-07 01:56:09 -0800


Started GET "/assets/home.js?body=1" for 127.0.0.1 at 2014-03-07 01:56:09 -0800


Started GET "/assets/user.js?body=1" for 127.0.0.1 at 2014-03-07 01:56:09 -0800


Started GET "/assets/application.js?body=1" for 127.0.0.1 at 2014-03-07 01:56:09 -0800


Started DELETE "/users/sign_out" for 127.0.0.1 at 2014-03-07 01:56:12 -0800
Processing by Devise::SessionsController#destroy as HTML
  Parameters: {"authenticity_token"=>"7cqBZGeIt0DFBVwvFgO0tXmOPCk3VEDZc+W5T9QEkAk="}
  [1m[35mUser Load (0.2ms)[0m  SELECT "users".* FROM "users" WHERE "users"."id" = 2 ORDER BY "users"."id" ASC LIMIT 1
  [1m[36m (0.1ms)[0m  [1mbegin transaction[0m
  [1m[35m (0.0ms)[0m  commit transaction
Redirected to http://localhost:3000/
Completed 302 Found in 11ms (ActiveRecord: 0.4ms)


Started GET "/" for 127.0.0.1 at 2014-03-07 01:56:12 -0800
Processing by HomeController#index as HTML
  Rendered home/index.html.erb within layouts/application (0.8ms)
Completed 200 OK in 6ms (Views: 5.7ms | ActiveRecord: 0.0ms)


Started GET "/assets/application.css?body=1" for 127.0.0.1 at 2014-03-07 01:56:12 -0800


Started GET "/assets/user.css?body=1" for 127.0.0.1 at 2014-03-07 01:56:12 -0800


Started GET "/assets/application.js?body=1" for 127.0.0.1 at 2014-03-07 01:56:12 -0800


Started GET "/assets/user.js?body=1" for 127.0.0.1 at 2014-03-07 01:56:12 -0800


Started GET "/assets/home.js?body=1" for 127.0.0.1 at 2014-03-07 01:56:12 -0800


Started GET "/users/sign_in" for 127.0.0.1 at 2014-03-07 01:56:14 -0800
Processing by Devise::SessionsController#new as HTML
  Rendered devise/shared/_links.erb (0.5ms)
  Rendered devise/sessions/new.html.erb within layouts/application (4.0ms)
Completed 200 OK in 11ms (Views: 9.5ms | ActiveRecord: 0.0ms)


Started POST "/users/sign_in" for 127.0.0.1 at 2014-03-07 01:56:21 -0800
Processing by Devise::SessionsController#create as HTML
  Parameters: {"utf8"=>"✓", "authenticity_token"=>"Chh6KvuVVmJ5YwhhgktoGd4umJejUwFCJQy9NZjK/0Q=", "user"=>{"email"=>"r@gmail.com", "password"=>"[FILTERED]", "remember_me"=>"0"}, "commit"=>"Sign in"}
  [1m[36mUser Load (0.2ms)[0m  [1mSELECT "users".* FROM "users" WHERE "users"."email" = 'r@gmail.com' ORDER BY "users"."id" ASC LIMIT 1[0m
  [1m[35m (0.1ms)[0m  begin transaction
  [1m[36mSQL (0.4ms)[0m  [1mUPDATE "users" SET "current_sign_in_at" = ?, "sign_in_count" = ?, "updated_at" = ? WHERE "users"."id" = 2[0m  [["current_sign_in_at", Fri, 07 Mar 2014 09:56:21 UTC +00:00], ["sign_in_count", 2], ["updated_at", Fri, 07 Mar 2014 09:56:21 UTC +00:00]]
  [1m[35m (2.1ms)[0m  commit transaction
Redirected to http://localhost:3000/
Completed 302 Found in 88ms (ActiveRecord: 2.8ms)


Started GET "/" for 127.0.0.1 at 2014-03-07 01:56:21 -0800
Processing by HomeController#index as HTML
  [1m[36mUser Load (0.4ms)[0m  [1mSELECT "users".* FROM "users" WHERE "users"."id" = 2 ORDER BY "users"."id" ASC LIMIT 1[0m
  Rendered home/index.html.erb within layouts/application (2.0ms)
Completed 200 OK in 9ms (Views: 8.3ms | ActiveRecord: 0.4ms)


Started GET "/assets/application.css?body=1" for 127.0.0.1 at 2014-03-07 01:56:21 -0800


Started GET "/assets/user.css?body=1" for 127.0.0.1 at 2014-03-07 01:56:21 -0800


Started GET "/assets/user.js?body=1" for 127.0.0.1 at 2014-03-07 01:56:21 -0800


Started GET "/assets/application.js?body=1" for 127.0.0.1 at 2014-03-07 01:56:21 -0800


Started GET "/assets/home.js?body=1" for 127.0.0.1 at 2014-03-07 01:56:21 -0800


Started GET "/users/edit" for 127.0.0.1 at 2014-03-07 01:56:23 -0800
Processing by Devise::RegistrationsController#edit as HTML
  [1m[35mUser Load (0.2ms)[0m  SELECT "users".* FROM "users" WHERE "users"."id" = 2 ORDER BY "users"."id" ASC LIMIT 1
  Rendered devise/registrations/edit.html.erb within layouts/application (3.6ms)
Completed 200 OK in 10ms (Views: 8.9ms | ActiveRecord: 0.2ms)


Started DELETE "/users" for 127.0.0.1 at 2014-03-07 01:56:26 -0800
Processing by Devise::RegistrationsController#destroy as HTML
  Parameters: {"authenticity_token"=>"nRB6uXHGATspJGO0QvrO3RX1TRH/oLaD/udzM226E8o="}
  [1m[36mUser Load (0.2ms)[0m  [1mSELECT "users".* FROM "users" WHERE "users"."id" = 2 ORDER BY "users"."id" ASC LIMIT 1[0m
  [1m[35m (0.1ms)[0m  begin transaction
  [1m[36mSQL (0.5ms)[0m  [1mDELETE FROM "users" WHERE "users"."id" = ?[0m  [["id", 2]]
  [1m[35m (2.2ms)[0m  commit transaction
Redirected to http://localhost:3000/
Completed 302 Found in 43ms (ActiveRecord: 3.0ms)


Started GET "/" for 127.0.0.1 at 2014-03-07 01:56:26 -0800
Processing by HomeController#index as HTML
  Rendered home/index.html.erb within layouts/application (0.8ms)
Completed 200 OK in 6ms (Views: 5.4ms | ActiveRecord: 0.0ms)


Started GET "/assets/user.js?body=1" for 127.0.0.1 at 2014-03-07 01:56:26 -0800


Started GET "/assets/user.css?body=1" for 127.0.0.1 at 2014-03-07 01:56:26 -0800


Started GET "/assets/application.js?body=1" for 127.0.0.1 at 2014-03-07 01:56:26 -0800


Started GET "/assets/home.js?body=1" for 127.0.0.1 at 2014-03-07 01:56:26 -0800


Started GET "/assets/application.css?body=1" for 127.0.0.1 at 2014-03-07 01:56:26 -0800
